2019-10-18 06:49:15.056  INFO 11219 --- [main] lavalink.server.Launcher                 : 

[32m       .  [31m _                  _ _       _    [32m__ _ _
[32m      /\\ [31m| | __ ___   ____ _| (_)_ __ | | __[32m\ \ \ \
[32m     ( ( )[31m| |/ _` \ \ / / _` | | | '_ \| |/ /[32m \ \ \ \
[32m      \\/ [31m| | (_| |\ V / (_| | | | | | |   < [32m  ) ) ) )
[32m       '  [31m|_|\__,_| \_/ \__,_|_|_|_| |_|_|\_\[32m / / / /
[0m    =========================================[32m/_/_/_/[0m

	Version:        3.2.1.1
	Build:          828
	Build time:     31.07.2019 11:02:24 CEST
	Branch          master
	Commit:         d9c9aa0
	Commit time:    31.07.2019 10:59:59 CEST
	JVM:            1.8.0_222
	Lavaplayer      1.3.19

2019-10-18 06:49:15.276  INFO 11219 --- [main] o.s.boot.SpringApplication               : [32m       .  [31m _                  _ _       _    [32m__ _ _
[32m      /\\ [31m| | __ ___   ____ _| (_)_ __ | | __[32m\ \ \ \
[32m     ( ( )[31m| |/ _` \ \ / / _` | | | '_ \| |/ /[32m \ \ \ \
[32m      \\/ [31m| | (_| |\ V / (_| | | | | | |   < [32m  ) ) ) )
[32m       '  [31m|_|\__,_| \_/ \__,_|_|_|_| |_|_|\_\[32m / / / /
[39m    =========================================[32m/_/_/_/

[32m    :: Lavalink    :: [39m      
[32m    :: Spring Boot :: [39m       (v2.0.4.RELEASE)


2019-10-18 06:49:15.656  INFO 11219 --- [main] lavalink.server.Launcher                 : Starting Launcher on trackrunny-PC with PID 11219 (/home/trackrunny/Desktop/Imporant Items/Discord-Bot/cogs/Music/Lavalink-python/Lavalink.jar started by trackrunny in /home/trackrunny/Desktop/Imporant Items/Discord-Bot/cogs/Music/Lavalink-python)
2019-10-18 06:49:15.675  INFO 11219 --- [main] lavalink.server.Launcher                 : No active profile set, falling back to default profiles: default
2019-10-18 06:49:15.866  INFO 11219 --- [main] ConfigServletWebServerApplicationContext : Refreshing org.springframework.boot.web.servlet.context.AnnotationConfigServletWebServerApplicationContext@35f983a6: startup date [Fri Oct 18 06:49:15 PDT 2019]; root of context hierarchy
2019-10-18 06:49:15.992  WARN 11219 --- [background-preinit] o.s.h.c.j.Jackson2ObjectMapperBuilder    : For Jackson Kotlin classes support please add "com.fasterxml.jackson.module:jackson-module-kotlin" to the classpath
2019-10-18 06:49:18.239  INFO 11219 --- [main] org.xnio                                 : XNIO version 3.3.8.Final
2019-10-18 06:49:18.288  INFO 11219 --- [main] org.xnio.nio                             : XNIO NIO Implementation Version 3.3.8.Final
2019-10-18 06:49:18.430  WARN 11219 --- [main] io.undertow.websockets.jsr               : UT026009: XNIO worker was not set on WebSocketDeploymentInfo, the default worker will be used
2019-10-18 06:49:18.431  WARN 11219 --- [main] io.undertow.websockets.jsr               : UT026010: Buffer pool was not set on WebSocketDeploymentInfo, the default pool will be used
2019-10-18 06:49:18.480  INFO 11219 --- [main] io.undertow.servlet                      : Initializing Spring embedded WebApplicationContext
2019-10-18 06:49:18.482  INFO 11219 --- [main] o.s.web.context.ContextLoader            : Root WebApplicationContext: initialization completed in 2615 ms
2019-10-18 06:49:18.631  INFO 11219 --- [main] o.s.b.w.servlet.ServletRegistrationBean  : Servlet dispatcherServlet mapped to [/]
2019-10-18 06:49:18.642  INFO 11219 --- [main] o.s.b.w.servlet.FilterRegistrationBean   : Mapping filter: 'characterEncodingFilter' to: [/*]
2019-10-18 06:49:18.644  INFO 11219 --- [main] o.s.b.w.servlet.FilterRegistrationBean   : Mapping filter: 'hiddenHttpMethodFilter' to: [/*]
2019-10-18 06:49:18.645  INFO 11219 --- [main] o.s.b.w.servlet.FilterRegistrationBean   : Mapping filter: 'httpPutFormContentFilter' to: [/*]
2019-10-18 06:49:18.646  INFO 11219 --- [main] o.s.b.w.servlet.FilterRegistrationBean   : Mapping filter: 'requestContextFilter' to: [/*]
2019-10-18 06:49:18.647  INFO 11219 --- [main] o.s.b.w.servlet.FilterRegistrationBean   : Mapping filter: 'responseHeaderFilter' to: [/*]
2019-10-18 06:49:18.753  WARN 11219 --- [main] l.server.config.SentryConfiguration      : Turning off sentry
2019-10-18 06:49:18.776  INFO 11219 --- [main] l.s.c.AudioSendFactoryConfiguration      : OS: Linux, Arch: amd64
2019-10-18 06:49:18.777  INFO 11219 --- [main] l.s.c.AudioSendFactoryConfiguration      : JDA-NAS supported system detected. Enabled native audio sending.
2019-10-18 06:49:18.780  INFO 11219 --- [main] l.s.c.AudioSendFactoryConfiguration      : Setting buffer to 400ms
2019-10-18 06:49:18.781  INFO 11219 --- [main] l.s.c.AudioSendFactoryConfiguration      : Setting playlist load limit to 6
2019-10-18 06:49:19.813  INFO 11219 --- [main] c.s.d.l.tools.GarbageCollectionMonitor   : GC monitoring enabled, reporting results every 2 minutes.
2019-10-18 06:49:20.000  INFO 11219 --- [main] o.s.w.s.s.s.WebSocketHandlerMapping      : Root mapping to handler of type [class org.springframework.web.socket.server.support.WebSocketHttpRequestHandler]
2019-10-18 06:49:20.381  INFO 11219 --- [main] o.s.w.s.handler.SimpleUrlHandlerMapping  : Mapped URL path [/**/favicon.ico] onto handler of type [class org.springframework.web.servlet.resource.ResourceHttpRequestHandler]
2019-10-18 06:49:20.825  INFO 11219 --- [main] s.w.s.m.m.a.RequestMappingHandlerAdapter : Looking for @ControllerAdvice: org.springframework.boot.web.servlet.context.AnnotationConfigServletWebServerApplicationContext@35f983a6: startup date [Fri Oct 18 06:49:15 PDT 2019]; root of context hierarchy
2019-10-18 06:49:21.000  INFO 11219 --- [main] s.w.s.m.m.a.RequestMappingHandlerMapping : Mapped "{[/loadtracks],methods=[GET],produces=[application/json]}" onto public java.util.concurrent.CompletionStage<org.springframework.http.ResponseEntity<java.lang.String>> lavalink.server.player.AudioLoaderRestHandler.getLoadTracks(javax.servlet.http.HttpServletRequest,java.lang.String)
2019-10-18 06:49:21.001  INFO 11219 --- [main] s.w.s.m.m.a.RequestMappingHandlerMapping : Mapped "{[/decodetrack],methods=[GET],produces=[application/json]}" onto public org.springframework.http.ResponseEntity<java.lang.String> lavalink.server.player.AudioLoaderRestHandler.getDecodeTrack(javax.servlet.http.HttpServletRequest,java.lang.String) throws java.io.IOException
2019-10-18 06:49:21.002  INFO 11219 --- [main] s.w.s.m.m.a.RequestMappingHandlerMapping : Mapped "{[/decodetracks],methods=[POST],consumes=[application/json],produces=[application/json]}" onto public org.springframework.http.ResponseEntity<java.lang.String> lavalink.server.player.AudioLoaderRestHandler.postDecodeTracks(javax.servlet.http.HttpServletRequest,java.lang.String) throws java.io.IOException
2019-10-18 06:49:21.004  INFO 11219 --- [main] s.w.s.m.m.a.RequestMappingHandlerMapping : Mapped "{[/version],methods=[GET]}" onto public java.lang.String lavalink.server.info.InfoRestHandler.version()
2019-10-18 06:49:21.012  INFO 11219 --- [main] s.w.s.m.m.a.RequestMappingHandlerMapping : Mapped "{[/error],produces=[text/html]}" onto public org.springframework.web.servlet.ModelAndView org.springframework.boot.autoconfigure.web.servlet.error.BasicErrorController.errorHtml(javax.servlet.http.HttpServletRequest,javax.servlet.http.HttpServletResponse)
2019-10-18 06:49:21.013  INFO 11219 --- [main] s.w.s.m.m.a.RequestMappingHandlerMapping : Mapped "{[/error]}" onto public org.springframework.http.ResponseEntity<java.util.Map<java.lang.String, java.lang.Object>> org.springframework.boot.autoconfigure.web.servlet.error.BasicErrorController.error(javax.servlet.http.HttpServletRequest)
2019-10-18 06:49:21.092  INFO 11219 --- [main] o.s.w.s.handler.SimpleUrlHandlerMapping  : Mapped URL path [/webjars/**] onto handler of type [class org.springframework.web.servlet.resource.ResourceHttpRequestHandler]
2019-10-18 06:49:21.093  INFO 11219 --- [main] o.s.w.s.handler.SimpleUrlHandlerMapping  : Mapped URL path [/**] onto handler of type [class org.springframework.web.servlet.resource.ResourceHttpRequestHandler]
2019-10-18 06:49:21.693  INFO 11219 --- [main] o.s.j.e.a.AnnotationMBeanExporter        : Registering beans for JMX exposure on startup
2019-10-18 06:49:21.706  INFO 11219 --- [main] o.s.c.support.DefaultLifecycleProcessor  : Starting beans in phase 2147483647
2019-10-18 06:49:21.918  INFO 11219 --- [main] o.s.b.w.e.u.UndertowServletWebServer     : Undertow started on port(s) 2333 (http) with context path ''
2019-10-18 06:49:21.928  INFO 11219 --- [main] lavalink.server.Launcher                 : Started Launcher in 7.526 seconds (JVM running for 8.731)
2019-10-18 06:49:42.479  INFO 11219 --- [XNIO-2 task-1] io.undertow.servlet                      : Initializing Spring FrameworkServlet 'dispatcherServlet'
2019-10-18 06:49:42.480  INFO 11219 --- [XNIO-2 task-1] o.s.web.servlet.DispatcherServlet        : FrameworkServlet 'dispatcherServlet': initialization started
2019-10-18 06:49:42.518  INFO 11219 --- [XNIO-2 task-1] o.s.web.servlet.DispatcherServlet        : FrameworkServlet 'dispatcherServlet': initialization completed in 36 ms
2019-10-18 06:49:42.584  INFO 11219 --- [XNIO-2 task-1] l.server.io.HandshakeInterceptorImpl     : Incoming connection from /127.0.0.1:38730
2019-10-18 06:49:42.753  INFO 11219 --- [XNIO-2 task-1] c.s.d.l.tools.GarbageCollectionMonitor   : GC monitoring enabled, reporting results every 2 minutes.
2019-10-18 06:49:42.980  INFO 11219 --- [XNIO-2 task-1] lavalink.server.io.SocketServer          : Connection successfully established from /127.0.0.1:38730
2019-10-18 06:49:43.037  INFO 11219 --- [XNIO-2 I/O-2] lavalink.server.io.SocketServer          : {"op": "configureResuming", "key": "default-node", "timeout": 60}
2019-10-18 06:49:53.099  INFO 11219 --- [XNIO-2 task-2] l.server.player.AudioLoaderRestHandler   : GET /loadtracks
2019-10-18 06:49:53.233  INFO 11219 --- [XNIO-2 I/O-2] lavalink.server.io.SocketServer          : {"op": "voiceUpdate", "guildId": "591056236368363592", "sessionId": "38b4f471fe715176ac19939855eac423", "event": {"token": "c9edb093da82c1ee", "guild_id": "591056236368363592", "endpoint": "us-west327.discord.media:80"}}
2019-10-18 06:49:54.833  INFO 11219 --- [lava-daemon-pool-info-loader-2-thread-1] lavalink.server.player.AudioLoader       : Loaded playlist Search results for: test
2019-10-18 06:49:55.017  INFO 11219 --- [XNIO-2 I/O-2] lavalink.server.io.SocketServer          : {"op": "play", "guildId": "591056236368363592", "track": "QAAAkAIAK0EgU2ltcGxlIFRlc3QgV2lsbCBSZXZlYWwgWW91ciBEZWVwZXN0IEZlYXIAC0JSSUdIVCBTSURFAAAAAAAKd7AAC3B5S21WeTJUQzJFAAEAK2h0dHBzOi8vd3d3LnlvdXR1YmUuY29tL3dhdGNoP3Y9cHlLbVZ5MlRDMkUAB3lvdXR1YmUAAAAAAAAAAA==", "startTime": 0}
2019-10-18 06:50:03.215  INFO 11219 --- [XNIO-2 I/O-2] lavalink.server.io.SocketServer          : {"op": "stop", "guildId": "591056236368363592"}
2019-10-18 06:50:03.218  INFO 11219 --- [XNIO-2 I/O-2] lavalink.server.io.SocketServer          : {"op": "equalizer", "guildId": "591056236368363592", "bands": [{"band": 0, "gain": 0.0}, {"band": 1, "gain": 0.0}, {"band": 2, "gain": 0.0}, {"band": 3, "gain": 0.0}, {"band": 4, "gain": 0.0}, {"band": 5, "gain": 0.0}, {"band": 6, "gain": 0.0}, {"band": 7, "gain": 0.0}, {"band": 8, "gain": 0.0}, {"band": 9, "gain": 0.0}, {"band": 10, "gain": 0.0}, {"band": 11, "gain": 0.0}, {"band": 12, "gain": 0.0}, {"band": 13, "gain": 0.0}, {"band": 14, "gain": 0.0}]}
2019-10-18 06:50:03.356  INFO 11219 --- [parallel-4] s.n.magma.connections.AudioWebSocket     : Websocket to wss://us-west327.discord.media/?v=4 closed with code 4014 and reason Disconnected.
2019-10-18 06:50:03.358  INFO 11219 --- [parallel-4] s.n.magma.connections.AudioWebSocket     : Resuming
2019-10-18 06:50:25.292  INFO 11219 --- [XNIO-2 I/O-2] lavalink.server.io.SocketServer          : Connection closed from /127.0.0.1:38730 with status CloseStatus[code=1006, reason=] -- Session can be resumed within the next 60 seconds with key default-node
2019-10-18 06:50:29.198  INFO 11219 --- [Thread-2] ConfigServletWebServerApplicationContext : Closing org.springframework.boot.web.servlet.context.AnnotationConfigServletWebServerApplicationContext@35f983a6: startup date [Fri Oct 18 06:49:15 PDT 2019]; root of context hierarchy
2019-10-18 06:50:29.202  INFO 11219 --- [Thread-2] o.s.c.support.DefaultLifecycleProcessor  : Stopping beans in phase 2147483647
2019-10-18 06:50:29.204  INFO 11219 --- [Thread-2] o.s.j.e.a.AnnotationMBeanExporter        : Unregistering JMX-exposed beans on shutdown
2019-10-18 06:50:29.207  INFO 11219 --- [Thread-2] c.s.d.l.tools.GarbageCollectionMonitor   : GC monitoring disabled.
2019-10-18 06:50:29.210  INFO 11219 --- [Thread-2] io.undertow.servlet                      : Destroying Spring FrameworkServlet 'dispatcherServlet'
