2019-12-02 18:01:52.029  INFO 18909 --- [main] lavalink.server.Launcher                 : 

[32m       .  [31m _                  _ _       _    [32m__ _ _
[32m      /\\ [31m| | __ ___   ____ _| (_)_ __ | | __[32m\ \ \ \
[32m     ( ( )[31m| |/ _` \ \ / / _` | | | '_ \| |/ /[32m \ \ \ \
[32m      \\/ [31m| | (_| |\ V / (_| | | | | | |   < [32m  ) ) ) )
[32m       '  [31m|_|\__,_| \_/ \__,_|_|_|_| |_|_|\_\[32m / / / /
[0m    =========================================[32m/_/_/_/[0m

	Version:        3.2.1.1
	Build:          828
	Build time:     31.07.2019 11:02:24 CEST
	Branch          master
	Commit:         d9c9aa0
	Commit time:    31.07.2019 10:59:59 CEST
	JVM:            1.8.0_222
	Lavaplayer      1.3.19

2019-12-02 18:01:52.330  INFO 18909 --- [main] o.s.boot.SpringApplication               : [32m       .  [31m _                  _ _       _    [32m__ _ _
[32m      /\\ [31m| | __ ___   ____ _| (_)_ __ | | __[32m\ \ \ \
[32m     ( ( )[31m| |/ _` \ \ / / _` | | | '_ \| |/ /[32m \ \ \ \
[32m      \\/ [31m| | (_| |\ V / (_| | | | | | |   < [32m  ) ) ) )
[32m       '  [31m|_|\__,_| \_/ \__,_|_|_|_| |_|_|\_\[32m / / / /
[39m    =========================================[32m/_/_/_/

[32m    :: Lavalink    :: [39m      
[32m    :: Spring Boot :: [39m       (v2.0.4.RELEASE)


2019-12-02 18:01:52.731  INFO 18909 --- [main] lavalink.server.Launcher                 : Starting Launcher on trackrunny-PC with PID 18909 (/home/trackrunny/Desktop/Imporant Items/Discord-Bot/cogs/Music/Lavalink_Files/Lavalink.jar started by trackrunny in /home/trackrunny/Desktop/Imporant Items/Discord-Bot/cogs/Music/Lavalink_Files)
2019-12-02 18:01:52.734  INFO 18909 --- [main] lavalink.server.Launcher                 : No active profile set, falling back to default profiles: default
2019-12-02 18:01:52.919  INFO 18909 --- [main] ConfigServletWebServerApplicationContext : Refreshing org.springframework.boot.web.servlet.context.AnnotationConfigServletWebServerApplicationContext@35f983a6: startup date [Mon Dec 02 18:01:52 PST 2019]; root of context hierarchy
2019-12-02 18:01:53.370  WARN 18909 --- [background-preinit] o.s.h.c.j.Jackson2ObjectMapperBuilder    : For Jackson Kotlin classes support please add "com.fasterxml.jackson.module:jackson-module-kotlin" to the classpath
2019-12-02 18:01:55.980  INFO 18909 --- [main] org.xnio                                 : XNIO version 3.3.8.Final
2019-12-02 18:01:56.044  INFO 18909 --- [main] org.xnio.nio                             : XNIO NIO Implementation Version 3.3.8.Final
2019-12-02 18:01:56.202  WARN 18909 --- [main] io.undertow.websockets.jsr               : UT026009: XNIO worker was not set on WebSocketDeploymentInfo, the default worker will be used
2019-12-02 18:01:56.203  WARN 18909 --- [main] io.undertow.websockets.jsr               : UT026010: Buffer pool was not set on WebSocketDeploymentInfo, the default pool will be used
2019-12-02 18:01:56.282  INFO 18909 --- [main] io.undertow.servlet                      : Initializing Spring embedded WebApplicationContext
2019-12-02 18:01:56.283  INFO 18909 --- [main] o.s.web.context.ContextLoader            : Root WebApplicationContext: initialization completed in 3364 ms
2019-12-02 18:01:56.481  INFO 18909 --- [main] o.s.b.w.servlet.ServletRegistrationBean  : Servlet dispatcherServlet mapped to [/]
2019-12-02 18:01:56.507  INFO 18909 --- [main] o.s.b.w.servlet.FilterRegistrationBean   : Mapping filter: 'characterEncodingFilter' to: [/*]
2019-12-02 18:01:56.515  INFO 18909 --- [main] o.s.b.w.servlet.FilterRegistrationBean   : Mapping filter: 'hiddenHttpMethodFilter' to: [/*]
2019-12-02 18:01:56.515  INFO 18909 --- [main] o.s.b.w.servlet.FilterRegistrationBean   : Mapping filter: 'httpPutFormContentFilter' to: [/*]
2019-12-02 18:01:56.516  INFO 18909 --- [main] o.s.b.w.servlet.FilterRegistrationBean   : Mapping filter: 'requestContextFilter' to: [/*]
2019-12-02 18:01:56.517  INFO 18909 --- [main] o.s.b.w.servlet.FilterRegistrationBean   : Mapping filter: 'responseHeaderFilter' to: [/*]
2019-12-02 18:01:56.725  WARN 18909 --- [main] l.server.config.SentryConfiguration      : Turning off sentry
2019-12-02 18:01:56.766  INFO 18909 --- [main] l.s.c.AudioSendFactoryConfiguration      : OS: Linux, Arch: amd64
2019-12-02 18:01:56.767  INFO 18909 --- [main] l.s.c.AudioSendFactoryConfiguration      : JDA-NAS supported system detected. Enabled native audio sending.
2019-12-02 18:01:56.767  INFO 18909 --- [main] l.s.c.AudioSendFactoryConfiguration      : Setting buffer to 400ms
2019-12-02 18:01:56.767  INFO 18909 --- [main] l.s.c.AudioSendFactoryConfiguration      : Setting playlist load limit to 6
2019-12-02 18:01:58.216  INFO 18909 --- [main] c.s.d.l.tools.GarbageCollectionMonitor   : GC monitoring enabled, reporting results every 2 minutes.
2019-12-02 18:01:58.580  INFO 18909 --- [main] o.s.w.s.s.s.WebSocketHandlerMapping      : Root mapping to handler of type [class org.springframework.web.socket.server.support.WebSocketHttpRequestHandler]
2019-12-02 18:01:59.232  INFO 18909 --- [main] o.s.w.s.handler.SimpleUrlHandlerMapping  : Mapped URL path [/**/favicon.ico] onto handler of type [class org.springframework.web.servlet.resource.ResourceHttpRequestHandler]
2019-12-02 18:01:59.828  INFO 18909 --- [main] s.w.s.m.m.a.RequestMappingHandlerAdapter : Looking for @ControllerAdvice: org.springframework.boot.web.servlet.context.AnnotationConfigServletWebServerApplicationContext@35f983a6: startup date [Mon Dec 02 18:01:52 PST 2019]; root of context hierarchy
2019-12-02 18:02:00.107  INFO 18909 --- [main] s.w.s.m.m.a.RequestMappingHandlerMapping : Mapped "{[/loadtracks],methods=[GET],produces=[application/json]}" onto public java.util.concurrent.CompletionStage<org.springframework.http.ResponseEntity<java.lang.String>> lavalink.server.player.AudioLoaderRestHandler.getLoadTracks(javax.servlet.http.HttpServletRequest,java.lang.String)
2019-12-02 18:02:00.110  INFO 18909 --- [main] s.w.s.m.m.a.RequestMappingHandlerMapping : Mapped "{[/decodetrack],methods=[GET],produces=[application/json]}" onto public org.springframework.http.ResponseEntity<java.lang.String> lavalink.server.player.AudioLoaderRestHandler.getDecodeTrack(javax.servlet.http.HttpServletRequest,java.lang.String) throws java.io.IOException
2019-12-02 18:02:00.111  INFO 18909 --- [main] s.w.s.m.m.a.RequestMappingHandlerMapping : Mapped "{[/decodetracks],methods=[POST],consumes=[application/json],produces=[application/json]}" onto public org.springframework.http.ResponseEntity<java.lang.String> lavalink.server.player.AudioLoaderRestHandler.postDecodeTracks(javax.servlet.http.HttpServletRequest,java.lang.String) throws java.io.IOException
2019-12-02 18:02:00.116  INFO 18909 --- [main] s.w.s.m.m.a.RequestMappingHandlerMapping : Mapped "{[/version],methods=[GET]}" onto public java.lang.String lavalink.server.info.InfoRestHandler.version()
2019-12-02 18:02:00.125  INFO 18909 --- [main] s.w.s.m.m.a.RequestMappingHandlerMapping : Mapped "{[/error],produces=[text/html]}" onto public org.springframework.web.servlet.ModelAndView org.springframework.boot.autoconfigure.web.servlet.error.BasicErrorController.errorHtml(javax.servlet.http.HttpServletRequest,javax.servlet.http.HttpServletResponse)
2019-12-02 18:02:00.139  INFO 18909 --- [main] s.w.s.m.m.a.RequestMappingHandlerMapping : Mapped "{[/error]}" onto public org.springframework.http.ResponseEntity<java.util.Map<java.lang.String, java.lang.Object>> org.springframework.boot.autoconfigure.web.servlet.error.BasicErrorController.error(javax.servlet.http.HttpServletRequest)
2019-12-02 18:02:00.289  INFO 18909 --- [main] o.s.w.s.handler.SimpleUrlHandlerMapping  : Mapped URL path [/webjars/**] onto handler of type [class org.springframework.web.servlet.resource.ResourceHttpRequestHandler]
2019-12-02 18:02:00.291  INFO 18909 --- [main] o.s.w.s.handler.SimpleUrlHandlerMapping  : Mapped URL path [/**] onto handler of type [class org.springframework.web.servlet.resource.ResourceHttpRequestHandler]
2019-12-02 18:02:01.051  INFO 18909 --- [main] o.s.j.e.a.AnnotationMBeanExporter        : Registering beans for JMX exposure on startup
2019-12-02 18:02:01.083  INFO 18909 --- [main] o.s.c.support.DefaultLifecycleProcessor  : Starting beans in phase 2147483647
2019-12-02 18:02:01.247  INFO 18909 --- [main] o.s.b.w.e.u.UndertowServletWebServer     : Undertow started on port(s) 2333 (http) with context path ''
2019-12-02 18:02:01.254  INFO 18909 --- [main] lavalink.server.Launcher                 : Started Launcher in 10.061 seconds (JVM running for 11.586)
2019-12-02 18:19:10.902  INFO 18909 --- [XNIO-2 task-1] io.undertow.servlet                      : Initializing Spring FrameworkServlet 'dispatcherServlet'
2019-12-02 18:19:10.903  INFO 18909 --- [XNIO-2 task-1] o.s.web.servlet.DispatcherServlet        : FrameworkServlet 'dispatcherServlet': initialization started
2019-12-02 18:19:10.939  INFO 18909 --- [XNIO-2 task-1] o.s.web.servlet.DispatcherServlet        : FrameworkServlet 'dispatcherServlet': initialization completed in 36 ms
2019-12-02 18:19:11.002  INFO 18909 --- [XNIO-2 task-1] l.server.io.HandshakeInterceptorImpl     : Incoming connection from /127.0.0.1:55756
2019-12-02 18:19:11.120  INFO 18909 --- [XNIO-2 task-1] c.s.d.l.tools.GarbageCollectionMonitor   : GC monitoring enabled, reporting results every 2 minutes.
2019-12-02 18:19:11.272  INFO 18909 --- [XNIO-2 task-1] lavalink.server.io.SocketServer          : Connection successfully established from /127.0.0.1:55756
2019-12-02 18:19:11.379  INFO 18909 --- [XNIO-2 I/O-4] lavalink.server.io.SocketServer          : {"op": "configureResuming", "key": "default-node", "timeout": 60}
2019-12-02 18:19:22.225  INFO 18909 --- [XNIO-2 I/O-4] lavalink.server.io.SocketServer          : Connection closed from /127.0.0.1:55756 with status CloseStatus[code=1006, reason=] -- Session can be resumed within the next 60 seconds with key default-node
2019-12-02 18:20:22.228  INFO 18909 --- [pool-3-thread-1] lavalink.server.io.SocketContext         : Shutting down 0 playing players.
2019-12-02 18:20:22.229  INFO 18909 --- [pool-3-thread-1] c.s.d.l.tools.GarbageCollectionMonitor   : GC monitoring disabled.
2019-12-02 18:20:54.778  INFO 18909 --- [XNIO-2 task-2] l.server.io.HandshakeInterceptorImpl     : Incoming connection from /127.0.0.1:56004
2019-12-02 18:20:54.788  INFO 18909 --- [XNIO-2 task-2] c.s.d.l.tools.GarbageCollectionMonitor   : GC monitoring enabled, reporting results every 2 minutes.
2019-12-02 18:20:54.793  INFO 18909 --- [XNIO-2 task-2] lavalink.server.io.SocketServer          : Connection successfully established from /127.0.0.1:56004
2019-12-02 18:20:54.795  INFO 18909 --- [XNIO-2 I/O-4] lavalink.server.io.SocketServer          : {"op": "configureResuming", "key": "default-node", "timeout": 60}
2019-12-02 18:21:12.443  INFO 18909 --- [XNIO-2 I/O-4] lavalink.server.io.SocketServer          : Connection closed from /127.0.0.1:56004 with status CloseStatus[code=1006, reason=] -- Session can be resumed within the next 60 seconds with key default-node
2019-12-02 18:22:03.379  INFO 18909 --- [Thread-2] ConfigServletWebServerApplicationContext : Closing org.springframework.boot.web.servlet.context.AnnotationConfigServletWebServerApplicationContext@35f983a6: startup date [Mon Dec 02 18:01:52 PST 2019]; root of context hierarchy
2019-12-02 18:22:03.381  INFO 18909 --- [Thread-2] o.s.c.support.DefaultLifecycleProcessor  : Stopping beans in phase 2147483647
2019-12-02 18:22:03.383  INFO 18909 --- [Thread-2] o.s.j.e.a.AnnotationMBeanExporter        : Unregistering JMX-exposed beans on shutdown
2019-12-02 18:22:03.384  INFO 18909 --- [Thread-2] c.s.d.l.tools.GarbageCollectionMonitor   : GC monitoring disabled.
2019-12-02 18:22:03.387  INFO 18909 --- [Thread-2] io.undertow.servlet                      : Destroying Spring FrameworkServlet 'dispatcherServlet'
