2019-10-09 20:18:58.538  INFO 16605 --- [main] lavalink.server.Launcher                 : 

[32m       .  [31m _                  _ _       _    [32m__ _ _
[32m      /\\ [31m| | __ ___   ____ _| (_)_ __ | | __[32m\ \ \ \
[32m     ( ( )[31m| |/ _` \ \ / / _` | | | '_ \| |/ /[32m \ \ \ \
[32m      \\/ [31m| | (_| |\ V / (_| | | | | | |   < [32m  ) ) ) )
[32m       '  [31m|_|\__,_| \_/ \__,_|_|_|_| |_|_|\_\[32m / / / /
[0m    =========================================[32m/_/_/_/[0m

	Version:        80834a401900e59e61639c3a452934910f3f279d-SNAPSHOT
	Build:          831
	Build time:     31.07.2019 13:28:26 CEST
	Branch          master
	Commit:         80834a4
	Commit time:    31.07.2019 13:26:40 CEST
	JVM:            1.8.0_222
	Lavaplayer      1.3.19

2019-10-09 20:18:58.832  INFO 16605 --- [main] o.s.boot.SpringApplication               : [32m       .  [31m _                  _ _       _    [32m__ _ _
[32m      /\\ [31m| | __ ___   ____ _| (_)_ __ | | __[32m\ \ \ \
[32m     ( ( )[31m| |/ _` \ \ / / _` | | | '_ \| |/ /[32m \ \ \ \
[32m      \\/ [31m| | (_| |\ V / (_| | | | | | |   < [32m  ) ) ) )
[32m       '  [31m|_|\__,_| \_/ \__,_|_|_|_| |_|_|\_\[32m / / / /
[39m    =========================================[32m/_/_/_/

[32m    :: Lavalink    :: [39m      
[32m    :: Spring Boot :: [39m       (v2.0.4.RELEASE)


2019-10-09 20:18:59.296  INFO 16605 --- [main] lavalink.server.Launcher                 : Starting Launcher on trackrunny-PC with PID 16605 (/home/trackrunny/Desktop/Imporant Items/Discord-Bot/cogs/Music/Lavalink-python/Lavalink.jar started by trackrunny in /home/trackrunny/Desktop/Imporant Items/Discord-Bot/cogs/Music/Lavalink-python)
2019-10-09 20:18:59.303  INFO 16605 --- [main] lavalink.server.Launcher                 : No active profile set, falling back to default profiles: default
2019-10-09 20:18:59.622  INFO 16605 --- [main] ConfigServletWebServerApplicationContext : Refreshing org.springframework.boot.web.servlet.context.AnnotationConfigServletWebServerApplicationContext@6442b0a6: startup date [Wed Oct 09 20:18:59 PDT 2019]; root of context hierarchy
2019-10-09 20:18:59.888  WARN 16605 --- [background-preinit] o.s.h.c.j.Jackson2ObjectMapperBuilder    : For Jackson Kotlin classes support please add "com.fasterxml.jackson.module:jackson-module-kotlin" to the classpath
2019-10-09 20:19:03.354  INFO 16605 --- [main] org.xnio                                 : XNIO version 3.3.8.Final
2019-10-09 20:19:03.402  INFO 16605 --- [main] org.xnio.nio                             : XNIO NIO Implementation Version 3.3.8.Final
2019-10-09 20:19:03.661  WARN 16605 --- [main] io.undertow.websockets.jsr               : UT026009: XNIO worker was not set on WebSocketDeploymentInfo, the default worker will be used
2019-10-09 20:19:03.666  WARN 16605 --- [main] io.undertow.websockets.jsr               : UT026010: Buffer pool was not set on WebSocketDeploymentInfo, the default pool will be used
2019-10-09 20:19:03.783  INFO 16605 --- [main] io.undertow.servlet                      : Initializing Spring embedded WebApplicationContext
2019-10-09 20:19:03.783  INFO 16605 --- [main] o.s.web.context.ContextLoader            : Root WebApplicationContext: initialization completed in 4161 ms
2019-10-09 20:19:04.067  INFO 16605 --- [main] o.s.b.w.servlet.ServletRegistrationBean  : Servlet dispatcherServlet mapped to [/]
2019-10-09 20:19:04.080  INFO 16605 --- [main] o.s.b.w.servlet.FilterRegistrationBean   : Mapping filter: 'characterEncodingFilter' to: [/*]
2019-10-09 20:19:04.082  INFO 16605 --- [main] o.s.b.w.servlet.FilterRegistrationBean   : Mapping filter: 'hiddenHttpMethodFilter' to: [/*]
2019-10-09 20:19:04.082  INFO 16605 --- [main] o.s.b.w.servlet.FilterRegistrationBean   : Mapping filter: 'httpPutFormContentFilter' to: [/*]
2019-10-09 20:19:04.083  INFO 16605 --- [main] o.s.b.w.servlet.FilterRegistrationBean   : Mapping filter: 'requestContextFilter' to: [/*]
2019-10-09 20:19:04.083  INFO 16605 --- [main] o.s.b.w.servlet.FilterRegistrationBean   : Mapping filter: 'responseHeaderFilter' to: [/*]
2019-10-09 20:19:04.252  WARN 16605 --- [main] l.server.config.SentryConfiguration      : Turning off sentry
2019-10-09 20:19:04.285  INFO 16605 --- [main] l.s.c.AudioSendFactoryConfiguration      : OS: Linux, Arch: amd64
2019-10-09 20:19:04.286  INFO 16605 --- [main] l.s.c.AudioSendFactoryConfiguration      : JDA-NAS supported system detected. Enabled native audio sending.
2019-10-09 20:19:04.286  INFO 16605 --- [main] l.s.c.AudioSendFactoryConfiguration      : Setting buffer to 400ms
2019-10-09 20:19:04.287  INFO 16605 --- [main] l.s.c.AudioSendFactoryConfiguration      : Setting playlist load limit to 6
2019-10-09 20:19:05.795  INFO 16605 --- [main] c.s.d.l.tools.GarbageCollectionMonitor   : GC monitoring enabled, reporting results every 2 minutes.
2019-10-09 20:19:06.111  INFO 16605 --- [main] o.s.w.s.s.s.WebSocketHandlerMapping      : Root mapping to handler of type [class org.springframework.web.socket.server.support.WebSocketHttpRequestHandler]
2019-10-09 20:19:06.657  INFO 16605 --- [main] o.s.w.s.handler.SimpleUrlHandlerMapping  : Mapped URL path [/**/favicon.ico] onto handler of type [class org.springframework.web.servlet.resource.ResourceHttpRequestHandler]
2019-10-09 20:19:07.339  INFO 16605 --- [main] s.w.s.m.m.a.RequestMappingHandlerAdapter : Looking for @ControllerAdvice: org.springframework.boot.web.servlet.context.AnnotationConfigServletWebServerApplicationContext@6442b0a6: startup date [Wed Oct 09 20:18:59 PDT 2019]; root of context hierarchy
2019-10-09 20:19:07.667  INFO 16605 --- [main] s.w.s.m.m.a.RequestMappingHandlerMapping : Mapped "{[/loadtracks],methods=[GET],produces=[application/json]}" onto public java.util.concurrent.CompletionStage<org.springframework.http.ResponseEntity<java.lang.String>> lavalink.server.player.AudioLoaderRestHandler.getLoadTracks(javax.servlet.http.HttpServletRequest,java.lang.String)
2019-10-09 20:19:07.672  INFO 16605 --- [main] s.w.s.m.m.a.RequestMappingHandlerMapping : Mapped "{[/decodetrack],methods=[GET],produces=[application/json]}" onto public org.springframework.http.ResponseEntity<java.lang.String> lavalink.server.player.AudioLoaderRestHandler.getDecodeTrack(javax.servlet.http.HttpServletRequest,java.lang.String) throws java.io.IOException
2019-10-09 20:19:07.673  INFO 16605 --- [main] s.w.s.m.m.a.RequestMappingHandlerMapping : Mapped "{[/decodetracks],methods=[POST],consumes=[application/json],produces=[application/json]}" onto public org.springframework.http.ResponseEntity<java.lang.String> lavalink.server.player.AudioLoaderRestHandler.postDecodeTracks(javax.servlet.http.HttpServletRequest,java.lang.String) throws java.io.IOException
2019-10-09 20:19:07.682  INFO 16605 --- [main] s.w.s.m.m.a.RequestMappingHandlerMapping : Mapped "{[/version],methods=[GET]}" onto public java.lang.String lavalink.server.info.InfoRestHandler.version()
2019-10-09 20:19:07.716  INFO 16605 --- [main] s.w.s.m.m.a.RequestMappingHandlerMapping : Mapped "{[/error],produces=[text/html]}" onto public org.springframework.web.servlet.ModelAndView org.springframework.boot.autoconfigure.web.servlet.error.BasicErrorController.errorHtml(javax.servlet.http.HttpServletRequest,javax.servlet.http.HttpServletResponse)
2019-10-09 20:19:07.725  INFO 16605 --- [main] s.w.s.m.m.a.RequestMappingHandlerMapping : Mapped "{[/error]}" onto public org.springframework.http.ResponseEntity<java.util.Map<java.lang.String, java.lang.Object>> org.springframework.boot.autoconfigure.web.servlet.error.BasicErrorController.error(javax.servlet.http.HttpServletRequest)
2019-10-09 20:19:07.820  INFO 16605 --- [main] o.s.w.s.handler.SimpleUrlHandlerMapping  : Mapped URL path [/webjars/**] onto handler of type [class org.springframework.web.servlet.resource.ResourceHttpRequestHandler]
2019-10-09 20:19:07.826  INFO 16605 --- [main] o.s.w.s.handler.SimpleUrlHandlerMapping  : Mapped URL path [/**] onto handler of type [class org.springframework.web.servlet.resource.ResourceHttpRequestHandler]
2019-10-09 20:19:08.603  INFO 16605 --- [main] o.s.j.e.a.AnnotationMBeanExporter        : Registering beans for JMX exposure on startup
2019-10-09 20:19:08.617  INFO 16605 --- [main] o.s.c.support.DefaultLifecycleProcessor  : Starting beans in phase 2147483647
2019-10-09 20:19:08.739  INFO 16605 --- [main] o.s.b.w.e.u.UndertowServletWebServer     : Undertow started on port(s) 2333 (http) with context path ''
2019-10-09 20:19:08.745  INFO 16605 --- [main] lavalink.server.Launcher                 : Started Launcher in 10.99 seconds (JVM running for 12.218)
2019-10-09 20:19:09.525  INFO 16605 --- [XNIO-2 task-1] io.undertow.servlet                      : Initializing Spring FrameworkServlet 'dispatcherServlet'
2019-10-09 20:19:09.526  INFO 16605 --- [XNIO-2 task-1] o.s.web.servlet.DispatcherServlet        : FrameworkServlet 'dispatcherServlet': initialization started
2019-10-09 20:19:09.556  INFO 16605 --- [XNIO-2 task-1] o.s.web.servlet.DispatcherServlet        : FrameworkServlet 'dispatcherServlet': initialization completed in 29 ms
2019-10-09 20:19:09.614  INFO 16605 --- [XNIO-2 task-1] l.server.io.HandshakeInterceptorImpl     : Incoming connection from /127.0.0.1:52232
2019-10-09 20:19:09.773  INFO 16605 --- [XNIO-2 task-1] c.s.d.l.tools.GarbageCollectionMonitor   : GC monitoring enabled, reporting results every 2 minutes.
2019-10-09 20:19:09.900  INFO 16605 --- [XNIO-2 task-1] lavalink.server.io.SocketServer          : Connection successfully established from /127.0.0.1:52232
2019-10-09 20:19:09.957  INFO 16605 --- [XNIO-2 I/O-4] lavalink.server.io.SocketServer          : {"op": "configureResuming", "key": "default-node", "timeout": 60}
2019-10-09 20:22:02.339  INFO 16605 --- [XNIO-2 I/O-4] lavalink.server.io.SocketServer          : Connection closed from /127.0.0.1:52232 with status CloseStatus[code=1006, reason=] -- Session can be resumed within the next 60 seconds with key default-node
2019-10-09 20:22:06.771  INFO 16605 --- [XNIO-2 task-2] l.server.io.HandshakeInterceptorImpl     : Incoming connection from /127.0.0.1:52892
2019-10-09 20:22:06.776  INFO 16605 --- [XNIO-2 task-2] c.s.d.l.tools.GarbageCollectionMonitor   : GC monitoring enabled, reporting results every 2 minutes.
2019-10-09 20:22:06.806  INFO 16605 --- [XNIO-2 task-2] lavalink.server.io.SocketServer          : Connection successfully established from /127.0.0.1:52892
2019-10-09 20:22:06.808  INFO 16605 --- [XNIO-2 I/O-4] lavalink.server.io.SocketServer          : {"op": "configureResuming", "key": "default-node", "timeout": 60}
2019-10-09 20:23:02.342  INFO 16605 --- [pool-3-thread-1] lavalink.server.io.SocketContext         : Shutting down 0 playing players.
2019-10-09 20:23:02.343  INFO 16605 --- [pool-3-thread-1] c.s.d.l.tools.GarbageCollectionMonitor   : GC monitoring disabled.
2019-10-09 20:24:53.372  INFO 16605 --- [XNIO-2 task-3] l.server.player.AudioLoaderRestHandler   : GET /loadtracks
2019-10-09 20:24:53.484  INFO 16605 --- [XNIO-2 I/O-4] lavalink.server.io.SocketServer          : {"op": "voiceUpdate", "guildId": "591056236368363592", "sessionId": "d66ef57e15cba58b4a745a11a2b04208", "event": {"token": "738cee91a1599f74", "guild_id": "591056236368363592", "endpoint": "us-west472.discord.gg:80"}}
2019-10-09 20:24:55.676  INFO 16605 --- [lava-daemon-pool-info-loader-2-thread-1] lavalink.server.player.AudioLoader       : Loaded playlist Electronic | Electro Swing | Synthwave | Indie Dance | Nu Disco
2019-10-09 20:25:32.215  INFO 16605 --- [XNIO-2 I/O-4] lavalink.server.io.SocketServer          : {"op": "stop", "guildId": "591056236368363592"}
2019-10-09 20:25:32.233  INFO 16605 --- [XNIO-2 I/O-4] lavalink.server.io.SocketServer          : {"op": "equalizer", "guildId": "591056236368363592", "bands": [{"band": 0, "gain": 0.0}, {"band": 1, "gain": 0.0}, {"band": 2, "gain": 0.0}, {"band": 3, "gain": 0.0}, {"band": 4, "gain": 0.0}, {"band": 5, "gain": 0.0}, {"band": 6, "gain": 0.0}, {"band": 7, "gain": 0.0}, {"band": 8, "gain": 0.0}, {"band": 9, "gain": 0.0}, {"band": 10, "gain": 0.0}, {"band": 11, "gain": 0.0}, {"band": 12, "gain": 0.0}, {"band": 13, "gain": 0.0}, {"band": 14, "gain": 0.0}]}
2019-10-09 20:25:32.304  INFO 16605 --- [parallel-1] s.n.magma.connections.AudioWebSocket     : Websocket to wss://us-west472.discord.gg/?v=4 closed with code 4014 and reason Disconnected.
2019-10-09 20:25:32.306  INFO 16605 --- [parallel-1] s.n.magma.connections.AudioWebSocket     : Resuming
2019-10-09 20:26:54.774  INFO 16605 --- [XNIO-2 I/O-4] lavalink.server.io.SocketServer          : Connection closed from /127.0.0.1:52892 with status CloseStatus[code=1006, reason=] -- Session can be resumed within the next 60 seconds with key default-node
2019-10-09 20:26:59.226  INFO 16605 --- [XNIO-2 task-5] l.server.io.HandshakeInterceptorImpl     : Incoming connection from /127.0.0.1:53982
2019-10-09 20:26:59.230  INFO 16605 --- [XNIO-2 task-5] c.s.d.l.tools.GarbageCollectionMonitor   : GC monitoring enabled, reporting results every 2 minutes.
2019-10-09 20:26:59.239  INFO 16605 --- [XNIO-2 task-5] lavalink.server.io.SocketServer          : Connection successfully established from /127.0.0.1:53982
2019-10-09 20:26:59.250  INFO 16605 --- [XNIO-2 I/O-2] lavalink.server.io.SocketServer          : {"op": "configureResuming", "key": "default-node", "timeout": 60}
2019-10-09 20:27:00.913  INFO 16605 --- [XNIO-2 task-6] l.server.player.AudioLoaderRestHandler   : GET /loadtracks
2019-10-09 20:27:01.064  INFO 16605 --- [XNIO-2 I/O-2] lavalink.server.io.SocketServer          : {"op": "voiceUpdate", "guildId": "591056236368363592", "sessionId": "56ab725bdb50711767a4b618ec57e546", "event": {"token": "7a8d2f6e931e4cfd", "guild_id": "591056236368363592", "endpoint": "us-west472.discord.gg:80"}}
2019-10-09 20:27:02.037  INFO 16605 --- [lava-daemon-pool-info-loader-2-thread-1] lavalink.server.player.AudioLoader       : Loaded playlist Electronic | Electro Swing | Synthwave | Indie Dance | Nu Disco
2019-10-09 20:27:02.208  INFO 16605 --- [XNIO-2 I/O-2] lavalink.server.io.SocketServer          : {"op": "play", "guildId": "591056236368363592", "track": "QAAAjQIAKkZhciBPdXQgLSBMb3N0IFdpdGggWW91IChmZWF0LiBSdWJ5IENoYXNlKQAJRGl2ZXJzaXR5AAAAAAADyMAAC1lQRlZ1Q3NQZHdRAAEAK2h0dHBzOi8vd3d3LnlvdXR1YmUuY29tL3dhdGNoP3Y9WVBGVnVDc1Bkd1EAB3lvdXR1YmUAAAAAAAAAAA==", "startTime": 0}
2019-10-09 20:27:54.774  INFO 16605 --- [pool-4-thread-1] lavalink.server.io.SocketContext         : Shutting down 0 playing players.
2019-10-09 20:27:54.775  INFO 16605 --- [pool-4-thread-1] c.s.d.l.tools.GarbageCollectionMonitor   : GC monitoring disabled.
2019-10-09 20:28:17.336  INFO 16605 --- [XNIO-2 I/O-2] lavalink.server.io.SocketServer          : {"op": "stop", "guildId": "591056236368363592"}
2019-10-09 20:28:17.339  INFO 16605 --- [XNIO-2 I/O-2] lavalink.server.io.SocketServer          : {"op": "equalizer", "guildId": "591056236368363592", "bands": [{"band": 0, "gain": 0.0}, {"band": 1, "gain": 0.0}, {"band": 2, "gain": 0.0}, {"band": 3, "gain": 0.0}, {"band": 4, "gain": 0.0}, {"band": 5, "gain": 0.0}, {"band": 6, "gain": 0.0}, {"band": 7, "gain": 0.0}, {"band": 8, "gain": 0.0}, {"band": 9, "gain": 0.0}, {"band": 10, "gain": 0.0}, {"band": 11, "gain": 0.0}, {"band": 12, "gain": 0.0}, {"band": 13, "gain": 0.0}, {"band": 14, "gain": 0.0}]}
2019-10-09 20:28:17.439  INFO 16605 --- [parallel-2] s.n.magma.connections.AudioWebSocket     : Websocket to wss://us-west472.discord.gg/?v=4 closed with code 4014 and reason Disconnected.
2019-10-09 20:28:17.439  INFO 16605 --- [parallel-2] s.n.magma.connections.AudioWebSocket     : Resuming
2019-10-09 20:28:20.551  INFO 16605 --- [Thread-2] ConfigServletWebServerApplicationContext : Closing org.springframework.boot.web.servlet.context.AnnotationConfigServletWebServerApplicationContext@6442b0a6: startup date [Wed Oct 09 20:18:59 PDT 2019]; root of context hierarchy
2019-10-09 20:28:20.559  INFO 16605 --- [Thread-2] o.s.c.support.DefaultLifecycleProcessor  : Stopping beans in phase 2147483647
2019-10-09 20:28:20.562  INFO 16605 --- [Thread-2] o.s.j.e.a.AnnotationMBeanExporter        : Unregistering JMX-exposed beans on shutdown
2019-10-09 20:28:20.564  INFO 16605 --- [Thread-2] c.s.d.l.tools.GarbageCollectionMonitor   : GC monitoring disabled.
2019-10-09 20:28:20.570  INFO 16605 --- [Thread-2] io.undertow.servlet                      : Destroying Spring FrameworkServlet 'dispatcherServlet'
2019-10-09 20:28:20.586 ERROR 16605 --- [XNIO-2 I/O-2] org.xnio.listener                        : XNIO001007: A channel event listener threw an exception

java.util.concurrent.RejectedExecutionException: XNIO007007: Thread is terminating
	at org.xnio.nio.WorkerThread.execute(WorkerThread.java:590) [xnio-nio-3.3.8.Final.jar!/:3.3.8.Final]
	at io.undertow.websockets.jsr.UndertowSession$3.handleEvent(UndertowSession.java:396) ~[undertow-websockets-jsr-1.4.25.Final.jar!/:1.4.25.Final]
	at io.undertow.websockets.jsr.UndertowSession$3.handleEvent(UndertowSession.java:388) ~[undertow-websockets-jsr-1.4.25.Final.jar!/:1.4.25.Final]
	at org.xnio.ChannelListeners.invokeChannelListener(ChannelListeners.java:92) [xnio-api-3.3.8.Final.jar!/:3.3.8.Final]
	at io.undertow.server.protocol.framed.AbstractFramedChannel$FrameCloseListener.handleEvent(AbstractFramedChannel.java:1061) [undertow-core-2.0.14.Final.jar!/:2.0.14.Final]
	at io.undertow.server.protocol.framed.AbstractFramedChannel$FrameCloseListener.handleEvent(AbstractFramedChannel.java:975) [undertow-core-2.0.14.Final.jar!/:2.0.14.Final]
	at org.xnio.ChannelListeners.invokeChannelListener(ChannelListeners.java:92) [xnio-api-3.3.8.Final.jar!/:3.3.8.Final]
	at org.xnio.conduits.WriteReadyHandler$ChannelListenerHandler.terminated(WriteReadyHandler.java:70) [xnio-api-3.3.8.Final.jar!/:3.3.8.Final]
	at org.xnio.nio.NioSocketConduit.writeTerminated(NioSocketConduit.java:234) [xnio-nio-3.3.8.Final.jar!/:3.3.8.Final]
	at org.xnio.nio.NioSocketConduit.terminateWrites(NioSocketConduit.java:223) [xnio-nio-3.3.8.Final.jar!/:3.3.8.Final]
	at org.xnio.nio.NioSocketConduit.truncateWrites(NioSocketConduit.java:228) [xnio-nio-3.3.8.Final.jar!/:3.3.8.Final]
	at io.undertow.conduits.IdleTimeoutConduit.truncateWrites(IdleTimeoutConduit.java:387) [undertow-core-2.0.14.Final.jar!/:2.0.14.Final]
	at org.xnio.conduits.ConduitStreamSinkChannel.close(ConduitStreamSinkChannel.java:186) [xnio-api-3.3.8.Final.jar!/:3.3.8.Final]
	at org.xnio.IoUtils.safeClose(IoUtils.java:134) [xnio-api-3.3.8.Final.jar!/:3.3.8.Final]
	at org.xnio.conduits.WriteReadyHandler$ChannelListenerHandler.forceTermination(WriteReadyHandler.java:57) [xnio-api-3.3.8.Final.jar!/:3.3.8.Final]
	at org.xnio.nio.NioSocketConduit.forceTermination(NioSocketConduit.java:107) [xnio-nio-3.3.8.Final.jar!/:3.3.8.Final]
	at org.xnio.nio.WorkerThread.run(WorkerThread.java:494) [xnio-nio-3.3.8.Final.jar!/:3.3.8.Final]

